<?xml version="1.0" encoding="UTF-8"?>
<!-- Generated by org.testng.reporters.JUnitReportReporter -->
<testsuite hostname="DESKTOP-CQNDIUL" name="com.crm.qa.testcases.LoginPageTest" tests="3" failures="0" timestamp="4 Apr 2019 14:30:26 GMT" time="44.651" errors="0">
  <testcase name="loginTest" time="17.797" classname="com.crm.qa.testcases.LoginPageTest"/>
  <testcase name="validatePageTittleTest" time="9.847" classname="com.crm.qa.testcases.LoginPageTest"/>
  <testcase name="validateCRMImageTest" time="17.007" classname="com.crm.qa.testcases.LoginPageTest"/>
</testsuite> <!-- com.crm.qa.testcases.LoginPageTest -->
